Vivado Simulator 2015.2
Copyright 1986-1999, 2001-2015 Xilinx, Inc. All Rights Reserved.
Running: /afs/ece/support/xilinx/xilinx.release/Vivado/bin/unwrapped/lnx64.o/xelab -wto f49e67e24ece42dea56ccb393d4e4d7e --debug typical --relax --mt 8 -L blk_mem_gen_v8_2 -L xil_defaultlib -L unisims_ver -L unimacro_ver -L secureip --snapshot test_behav xil_defaultlib.test xil_defaultlib.glbl -log elaborate.log 
Using 8 slave threads.
Starting static elaboration
WARNING: [VRFC 10-278] actual bit length 32 differs from formal bit length 1 for port BRAM_PORTA_we [/afs/ece.cmu.edu/usr/dongjoop/Desktop/weightProject_FP/weight/weight.srcs/sources_1/new/weight.sv:47]
WARNING: [VRFC 10-278] actual bit length 32 differs from formal bit length 1 for port BRAM_PORTA_1_we [/afs/ece.cmu.edu/usr/dongjoop/Desktop/weightProject_FP/weight/weight.srcs/sources_1/new/weight.sv:52]
WARNING: [VRFC 10-278] actual bit length 32 differs from formal bit length 1 for port BRAM_PORTA_2_we [/afs/ece.cmu.edu/usr/dongjoop/Desktop/weightProject_FP/weight/weight.srcs/sources_1/new/weight.sv:57]
WARNING: [VRFC 10-278] actual bit length 32 differs from formal bit length 1 for port BRAM_PORTA_3_we [/afs/ece.cmu.edu/usr/dongjoop/Desktop/weightProject_FP/weight/weight.srcs/sources_1/new/weight.sv:62]
WARNING: [VRFC 10-278] actual bit length 32 differs from formal bit length 1 for port BRAM_PORTA_4_we [/afs/ece.cmu.edu/usr/dongjoop/Desktop/weightProject_FP/weight/weight.srcs/sources_1/new/weight.sv:67]
WARNING: [VRFC 10-278] actual bit length 32 differs from formal bit length 1 for port BRAM_PORTA_5_we [/afs/ece.cmu.edu/usr/dongjoop/Desktop/weightProject_FP/weight/weight.srcs/sources_1/new/weight.sv:72]
WARNING: [VRFC 10-278] actual bit length 32 differs from formal bit length 1 for port BRAM_PORTA_6_we [/afs/ece.cmu.edu/usr/dongjoop/Desktop/weightProject_FP/weight/weight.srcs/sources_1/new/weight.sv:77]
WARNING: [VRFC 10-278] actual bit length 32 differs from formal bit length 1 for port BRAM_PORTA_7_we [/afs/ece.cmu.edu/usr/dongjoop/Desktop/weightProject_FP/weight/weight.srcs/sources_1/new/weight.sv:82]
WARNING: [VRFC 10-278] actual bit length 32 differs from formal bit length 1 for port BRAM_PORTA_8_we [/afs/ece.cmu.edu/usr/dongjoop/Desktop/weightProject_FP/weight/weight.srcs/sources_1/new/weight.sv:87]
WARNING: [VRFC 10-278] actual bit length 32 differs from formal bit length 1 for port BRAM_PORTA_9_we [/afs/ece.cmu.edu/usr/dongjoop/Desktop/weightProject_FP/weight/weight.srcs/sources_1/new/weight.sv:92]
WARNING: [VRFC 10-278] actual bit length 32 differs from formal bit length 1 for port BRAM_PORTA_10_we [/afs/ece.cmu.edu/usr/dongjoop/Desktop/weightProject_FP/weight/weight.srcs/sources_1/new/weight.sv:97]
WARNING: [VRFC 10-278] actual bit length 32 differs from formal bit length 1 for port BRAM_PORTA_11_we [/afs/ece.cmu.edu/usr/dongjoop/Desktop/weightProject_FP/weight/weight.srcs/sources_1/new/weight.sv:102]
WARNING: [VRFC 10-278] actual bit length 32 differs from formal bit length 1 for port BRAM_PORTA_12_we [/afs/ece.cmu.edu/usr/dongjoop/Desktop/weightProject_FP/weight/weight.srcs/sources_1/new/weight.sv:107]
WARNING: [VRFC 10-278] actual bit length 32 differs from formal bit length 1 for port BRAM_PORTA_13_we [/afs/ece.cmu.edu/usr/dongjoop/Desktop/weightProject_FP/weight/weight.srcs/sources_1/new/weight.sv:112]
WARNING: [VRFC 10-278] actual bit length 32 differs from formal bit length 1 for port BRAM_PORTA_14_we [/afs/ece.cmu.edu/usr/dongjoop/Desktop/weightProject_FP/weight/weight.srcs/sources_1/new/weight.sv:117]
WARNING: [VRFC 10-278] actual bit length 32 differs from formal bit length 1 for port BRAM_PORTA_15_we [/afs/ece.cmu.edu/usr/dongjoop/Desktop/weightProject_FP/weight/weight.srcs/sources_1/new/weight.sv:122]
WARNING: [VRFC 10-278] actual bit length 32 differs from formal bit length 1 for port BRAM_PORTA_16_we [/afs/ece.cmu.edu/usr/dongjoop/Desktop/weightProject_FP/weight/weight.srcs/sources_1/new/weight.sv:127]
WARNING: [VRFC 10-278] actual bit length 32 differs from formal bit length 1 for port BRAM_PORTA_17_we [/afs/ece.cmu.edu/usr/dongjoop/Desktop/weightProject_FP/weight/weight.srcs/sources_1/new/weight.sv:132]
WARNING: [VRFC 10-278] actual bit length 32 differs from formal bit length 1 for port BRAM_PORTA_18_we [/afs/ece.cmu.edu/usr/dongjoop/Desktop/weightProject_FP/weight/weight.srcs/sources_1/new/weight.sv:137]
WARNING: [VRFC 10-278] actual bit length 32 differs from formal bit length 1 for port BRAM_PORTA_19_we [/afs/ece.cmu.edu/usr/dongjoop/Desktop/weightProject_FP/weight/weight.srcs/sources_1/new/weight.sv:142]
WARNING: [VRFC 10-278] actual bit length 32 differs from formal bit length 1 for port BRAM_PORTA_20_we [/afs/ece.cmu.edu/usr/dongjoop/Desktop/weightProject_FP/weight/weight.srcs/sources_1/new/weight.sv:147]
WARNING: [VRFC 10-278] actual bit length 32 differs from formal bit length 1 for port BRAM_PORTA_21_we [/afs/ece.cmu.edu/usr/dongjoop/Desktop/weightProject_FP/weight/weight.srcs/sources_1/new/weight.sv:152]
WARNING: [VRFC 10-278] actual bit length 32 differs from formal bit length 1 for port BRAM_PORTA_22_we [/afs/ece.cmu.edu/usr/dongjoop/Desktop/weightProject_FP/weight/weight.srcs/sources_1/new/weight.sv:157]
WARNING: [VRFC 10-278] actual bit length 32 differs from formal bit length 1 for port BRAM_PORTA_23_we [/afs/ece.cmu.edu/usr/dongjoop/Desktop/weightProject_FP/weight/weight.srcs/sources_1/new/weight.sv:162]
WARNING: [VRFC 10-278] actual bit length 32 differs from formal bit length 1 for port BRAM_PORTA_24_we [/afs/ece.cmu.edu/usr/dongjoop/Desktop/weightProject_FP/weight/weight.srcs/sources_1/new/weight.sv:167]
WARNING: [VRFC 10-278] actual bit length 32 differs from formal bit length 1 for port BRAM_PORTA_25_we [/afs/ece.cmu.edu/usr/dongjoop/Desktop/weightProject_FP/weight/weight.srcs/sources_1/new/weight.sv:172]
WARNING: [VRFC 10-278] actual bit length 32 differs from formal bit length 1 for port BRAM_PORTA_26_we [/afs/ece.cmu.edu/usr/dongjoop/Desktop/weightProject_FP/weight/weight.srcs/sources_1/new/weight.sv:177]
WARNING: [VRFC 10-278] actual bit length 32 differs from formal bit length 1 for port BRAM_PORTA_27_we [/afs/ece.cmu.edu/usr/dongjoop/Desktop/weightProject_FP/weight/weight.srcs/sources_1/new/weight.sv:182]
WARNING: [VRFC 10-278] actual bit length 32 differs from formal bit length 1 for port BRAM_PORTA_28_we [/afs/ece.cmu.edu/usr/dongjoop/Desktop/weightProject_FP/weight/weight.srcs/sources_1/new/weight.sv:187]
WARNING: [VRFC 10-278] actual bit length 32 differs from formal bit length 1 for port BRAM_PORTA_29_we [/afs/ece.cmu.edu/usr/dongjoop/Desktop/weightProject_FP/weight/weight.srcs/sources_1/new/weight.sv:192]
WARNING: [VRFC 10-278] actual bit length 32 differs from formal bit length 1 for port BRAM_PORTA_30_we [/afs/ece.cmu.edu/usr/dongjoop/Desktop/weightProject_FP/weight/weight.srcs/sources_1/new/weight.sv:197]
WARNING: [VRFC 10-278] actual bit length 32 differs from formal bit length 1 for port BRAM_PORTA_31_we [/afs/ece.cmu.edu/usr/dongjoop/Desktop/weightProject_FP/weight/weight.srcs/sources_1/new/weight.sv:202]
WARNING: [VRFC 10-278] actual bit length 32 differs from formal bit length 1 for port BRAM_PORTA_32_we [/afs/ece.cmu.edu/usr/dongjoop/Desktop/weightProject_FP/weight/weight.srcs/sources_1/new/weight.sv:207]
WARNING: [VRFC 10-278] actual bit length 32 differs from formal bit length 1 for port BRAM_PORTA_33_we [/afs/ece.cmu.edu/usr/dongjoop/Desktop/weightProject_FP/weight/weight.srcs/sources_1/new/weight.sv:212]
WARNING: [VRFC 10-278] actual bit length 32 differs from formal bit length 1 for port BRAM_PORTA_34_we [/afs/ece.cmu.edu/usr/dongjoop/Desktop/weightProject_FP/weight/weight.srcs/sources_1/new/weight.sv:217]
WARNING: [VRFC 10-278] actual bit length 32 differs from formal bit length 1 for port BRAM_PORTA_35_we [/afs/ece.cmu.edu/usr/dongjoop/Desktop/weightProject_FP/weight/weight.srcs/sources_1/new/weight.sv:222]
WARNING: [VRFC 10-278] actual bit length 32 differs from formal bit length 1 for port BRAM_PORTA_36_we [/afs/ece.cmu.edu/usr/dongjoop/Desktop/weightProject_FP/weight/weight.srcs/sources_1/new/weight.sv:227]
WARNING: [VRFC 10-278] actual bit length 32 differs from formal bit length 1 for port BRAM_PORTA_37_we [/afs/ece.cmu.edu/usr/dongjoop/Desktop/weightProject_FP/weight/weight.srcs/sources_1/new/weight.sv:232]
WARNING: [VRFC 10-278] actual bit length 32 differs from formal bit length 1 for port BRAM_PORTA_38_we [/afs/ece.cmu.edu/usr/dongjoop/Desktop/weightProject_FP/weight/weight.srcs/sources_1/new/weight.sv:237]
WARNING: [VRFC 10-278] actual bit length 32 differs from formal bit length 1 for port BRAM_PORTA_39_we [/afs/ece.cmu.edu/usr/dongjoop/Desktop/weightProject_FP/weight/weight.srcs/sources_1/new/weight.sv:242]
WARNING: [VRFC 10-278] actual bit length 32 differs from formal bit length 1 for port BRAM_PORTA_40_we [/afs/ece.cmu.edu/usr/dongjoop/Desktop/weightProject_FP/weight/weight.srcs/sources_1/new/weight.sv:247]
WARNING: [VRFC 10-278] actual bit length 32 differs from formal bit length 1 for port BRAM_PORTA_41_we [/afs/ece.cmu.edu/usr/dongjoop/Desktop/weightProject_FP/weight/weight.srcs/sources_1/new/weight.sv:252]
WARNING: [VRFC 10-278] actual bit length 32 differs from formal bit length 1 for port BRAM_PORTA_42_we [/afs/ece.cmu.edu/usr/dongjoop/Desktop/weightProject_FP/weight/weight.srcs/sources_1/new/weight.sv:257]
WARNING: [VRFC 10-278] actual bit length 32 differs from formal bit length 1 for port BRAM_PORTA_43_we [/afs/ece.cmu.edu/usr/dongjoop/Desktop/weightProject_FP/weight/weight.srcs/sources_1/new/weight.sv:262]
WARNING: [VRFC 10-278] actual bit length 32 differs from formal bit length 1 for port BRAM_PORTA_44_we [/afs/ece.cmu.edu/usr/dongjoop/Desktop/weightProject_FP/weight/weight.srcs/sources_1/new/weight.sv:267]
WARNING: [VRFC 10-278] actual bit length 32 differs from formal bit length 1 for port BRAM_PORTA_45_we [/afs/ece.cmu.edu/usr/dongjoop/Desktop/weightProject_FP/weight/weight.srcs/sources_1/new/weight.sv:272]
WARNING: [VRFC 10-278] actual bit length 32 differs from formal bit length 1 for port BRAM_PORTA_46_we [/afs/ece.cmu.edu/usr/dongjoop/Desktop/weightProject_FP/weight/weight.srcs/sources_1/new/weight.sv:277]
WARNING: [VRFC 10-278] actual bit length 32 differs from formal bit length 1 for port BRAM_PORTA_47_we [/afs/ece.cmu.edu/usr/dongjoop/Desktop/weightProject_FP/weight/weight.srcs/sources_1/new/weight.sv:282]
WARNING: [VRFC 10-278] actual bit length 32 differs from formal bit length 1 for port BRAM_PORTA_48_we [/afs/ece.cmu.edu/usr/dongjoop/Desktop/weightProject_FP/weight/weight.srcs/sources_1/new/weight.sv:287]
WARNING: [VRFC 10-278] actual bit length 32 differs from formal bit length 1 for port BRAM_PORTA_49_we [/afs/ece.cmu.edu/usr/dongjoop/Desktop/weightProject_FP/weight/weight.srcs/sources_1/new/weight.sv:292]
WARNING: [VRFC 10-278] actual bit length 32 differs from formal bit length 1 for port BRAM_PORTA_50_we [/afs/ece.cmu.edu/usr/dongjoop/Desktop/weightProject_FP/weight/weight.srcs/sources_1/new/weight.sv:297]
WARNING: [VRFC 10-278] actual bit length 32 differs from formal bit length 1 for port BRAM_PORTA_51_we [/afs/ece.cmu.edu/usr/dongjoop/Desktop/weightProject_FP/weight/weight.srcs/sources_1/new/weight.sv:302]
WARNING: [VRFC 10-278] actual bit length 32 differs from formal bit length 1 for port BRAM_PORTA_52_we [/afs/ece.cmu.edu/usr/dongjoop/Desktop/weightProject_FP/weight/weight.srcs/sources_1/new/weight.sv:307]
WARNING: [VRFC 10-278] actual bit length 32 differs from formal bit length 1 for port BRAM_PORTA_53_we [/afs/ece.cmu.edu/usr/dongjoop/Desktop/weightProject_FP/weight/weight.srcs/sources_1/new/weight.sv:312]
WARNING: [VRFC 10-278] actual bit length 32 differs from formal bit length 1 for port BRAM_PORTA_54_we [/afs/ece.cmu.edu/usr/dongjoop/Desktop/weightProject_FP/weight/weight.srcs/sources_1/new/weight.sv:317]
WARNING: [VRFC 10-278] actual bit length 32 differs from formal bit length 1 for port BRAM_PORTA_55_we [/afs/ece.cmu.edu/usr/dongjoop/Desktop/weightProject_FP/weight/weight.srcs/sources_1/new/weight.sv:322]
WARNING: [VRFC 10-278] actual bit length 32 differs from formal bit length 1 for port BRAM_PORTA_56_we [/afs/ece.cmu.edu/usr/dongjoop/Desktop/weightProject_FP/weight/weight.srcs/sources_1/new/weight.sv:327]
WARNING: [VRFC 10-278] actual bit length 32 differs from formal bit length 1 for port BRAM_PORTA_57_we [/afs/ece.cmu.edu/usr/dongjoop/Desktop/weightProject_FP/weight/weight.srcs/sources_1/new/weight.sv:332]
WARNING: [VRFC 10-278] actual bit length 32 differs from formal bit length 1 for port BRAM_PORTA_58_we [/afs/ece.cmu.edu/usr/dongjoop/Desktop/weightProject_FP/weight/weight.srcs/sources_1/new/weight.sv:337]
WARNING: [VRFC 10-278] actual bit length 32 differs from formal bit length 1 for port BRAM_PORTA_59_we [/afs/ece.cmu.edu/usr/dongjoop/Desktop/weightProject_FP/weight/weight.srcs/sources_1/new/weight.sv:342]
WARNING: [VRFC 10-278] actual bit length 32 differs from formal bit length 1 for port BRAM_PORTA_60_we [/afs/ece.cmu.edu/usr/dongjoop/Desktop/weightProject_FP/weight/weight.srcs/sources_1/new/weight.sv:347]
WARNING: [VRFC 10-278] actual bit length 32 differs from formal bit length 1 for port BRAM_PORTA_61_we [/afs/ece.cmu.edu/usr/dongjoop/Desktop/weightProject_FP/weight/weight.srcs/sources_1/new/weight.sv:352]
WARNING: [VRFC 10-278] actual bit length 32 differs from formal bit length 1 for port BRAM_PORTA_62_we [/afs/ece.cmu.edu/usr/dongjoop/Desktop/weightProject_FP/weight/weight.srcs/sources_1/new/weight.sv:357]
WARNING: [VRFC 10-278] actual bit length 32 differs from formal bit length 1 for port BRAM_PORTA_63_we [/afs/ece.cmu.edu/usr/dongjoop/Desktop/weightProject_FP/weight/weight.srcs/sources_1/new/weight.sv:362]
WARNING: [VRFC 10-278] actual bit length 32 differs from formal bit length 1 for port BRAM_PORTA_64_we [/afs/ece.cmu.edu/usr/dongjoop/Desktop/weightProject_FP/weight/weight.srcs/sources_1/new/weight.sv:367]
WARNING: [VRFC 10-278] actual bit length 32 differs from formal bit length 1 for port BRAM_PORTA_65_we [/afs/ece.cmu.edu/usr/dongjoop/Desktop/weightProject_FP/weight/weight.srcs/sources_1/new/weight.sv:372]
WARNING: [VRFC 10-278] actual bit length 32 differs from formal bit length 1 for port BRAM_PORTA_66_we [/afs/ece.cmu.edu/usr/dongjoop/Desktop/weightProject_FP/weight/weight.srcs/sources_1/new/weight.sv:377]
WARNING: [VRFC 10-278] actual bit length 32 differs from formal bit length 1 for port BRAM_PORTA_67_we [/afs/ece.cmu.edu/usr/dongjoop/Desktop/weightProject_FP/weight/weight.srcs/sources_1/new/weight.sv:382]
WARNING: [VRFC 10-278] actual bit length 32 differs from formal bit length 1 for port BRAM_PORTA_68_we [/afs/ece.cmu.edu/usr/dongjoop/Desktop/weightProject_FP/weight/weight.srcs/sources_1/new/weight.sv:387]
WARNING: [VRFC 10-278] actual bit length 32 differs from formal bit length 1 for port BRAM_PORTA_69_we [/afs/ece.cmu.edu/usr/dongjoop/Desktop/weightProject_FP/weight/weight.srcs/sources_1/new/weight.sv:392]
WARNING: [VRFC 10-278] actual bit length 32 differs from formal bit length 1 for port BRAM_PORTA_70_we [/afs/ece.cmu.edu/usr/dongjoop/Desktop/weightProject_FP/weight/weight.srcs/sources_1/new/weight.sv:397]
WARNING: [VRFC 10-278] actual bit length 32 differs from formal bit length 1 for port BRAM_PORTA_71_we [/afs/ece.cmu.edu/usr/dongjoop/Desktop/weightProject_FP/weight/weight.srcs/sources_1/new/weight.sv:402]
WARNING: [VRFC 10-278] actual bit length 32 differs from formal bit length 1 for port BRAM_PORTA_72_we [/afs/ece.cmu.edu/usr/dongjoop/Desktop/weightProject_FP/weight/weight.srcs/sources_1/new/weight.sv:407]
WARNING: [VRFC 10-278] actual bit length 32 differs from formal bit length 1 for port BRAM_PORTA_73_we [/afs/ece.cmu.edu/usr/dongjoop/Desktop/weightProject_FP/weight/weight.srcs/sources_1/new/weight.sv:412]
WARNING: [VRFC 10-278] actual bit length 32 differs from formal bit length 1 for port BRAM_PORTA_74_we [/afs/ece.cmu.edu/usr/dongjoop/Desktop/weightProject_FP/weight/weight.srcs/sources_1/new/weight.sv:417]
WARNING: [VRFC 10-278] actual bit length 32 differs from formal bit length 1 for port BRAM_PORTA_75_we [/afs/ece.cmu.edu/usr/dongjoop/Desktop/weightProject_FP/weight/weight.srcs/sources_1/new/weight.sv:422]
WARNING: [VRFC 10-278] actual bit length 32 differs from formal bit length 1 for port BRAM_PORTA_76_we [/afs/ece.cmu.edu/usr/dongjoop/Desktop/weightProject_FP/weight/weight.srcs/sources_1/new/weight.sv:427]
WARNING: [VRFC 10-278] actual bit length 32 differs from formal bit length 1 for port BRAM_PORTA_77_we [/afs/ece.cmu.edu/usr/dongjoop/Desktop/weightProject_FP/weight/weight.srcs/sources_1/new/weight.sv:432]
WARNING: [VRFC 10-278] actual bit length 32 differs from formal bit length 1 for port BRAM_PORTA_78_we [/afs/ece.cmu.edu/usr/dongjoop/Desktop/weightProject_FP/weight/weight.srcs/sources_1/new/weight.sv:437]
WARNING: [VRFC 10-278] actual bit length 32 differs from formal bit length 1 for port BRAM_PORTA_79_we [/afs/ece.cmu.edu/usr/dongjoop/Desktop/weightProject_FP/weight/weight.srcs/sources_1/new/weight.sv:442]
WARNING: [VRFC 10-278] actual bit length 32 differs from formal bit length 1 for port BRAM_PORTA_80_we [/afs/ece.cmu.edu/usr/dongjoop/Desktop/weightProject_FP/weight/weight.srcs/sources_1/new/weight.sv:447]
WARNING: [VRFC 10-278] actual bit length 32 differs from formal bit length 1 for port BRAM_PORTA_81_we [/afs/ece.cmu.edu/usr/dongjoop/Desktop/weightProject_FP/weight/weight.srcs/sources_1/new/weight.sv:452]
WARNING: [VRFC 10-278] actual bit length 32 differs from formal bit length 1 for port BRAM_PORTA_82_we [/afs/ece.cmu.edu/usr/dongjoop/Desktop/weightProject_FP/weight/weight.srcs/sources_1/new/weight.sv:457]
WARNING: [VRFC 10-278] actual bit length 32 differs from formal bit length 1 for port BRAM_PORTA_83_we [/afs/ece.cmu.edu/usr/dongjoop/Desktop/weightProject_FP/weight/weight.srcs/sources_1/new/weight.sv:462]
WARNING: [VRFC 10-278] actual bit length 32 differs from formal bit length 1 for port BRAM_PORTA_84_we [/afs/ece.cmu.edu/usr/dongjoop/Desktop/weightProject_FP/weight/weight.srcs/sources_1/new/weight.sv:467]
WARNING: [VRFC 10-278] actual bit length 32 differs from formal bit length 1 for port BRAM_PORTA_85_we [/afs/ece.cmu.edu/usr/dongjoop/Desktop/weightProject_FP/weight/weight.srcs/sources_1/new/weight.sv:472]
WARNING: [VRFC 10-278] actual bit length 32 differs from formal bit length 1 for port BRAM_PORTA_86_we [/afs/ece.cmu.edu/usr/dongjoop/Desktop/weightProject_FP/weight/weight.srcs/sources_1/new/weight.sv:477]
WARNING: [VRFC 10-278] actual bit length 32 differs from formal bit length 1 for port BRAM_PORTA_87_we [/afs/ece.cmu.edu/usr/dongjoop/Desktop/weightProject_FP/weight/weight.srcs/sources_1/new/weight.sv:482]
WARNING: [VRFC 10-278] actual bit length 32 differs from formal bit length 1 for port BRAM_PORTA_88_we [/afs/ece.cmu.edu/usr/dongjoop/Desktop/weightProject_FP/weight/weight.srcs/sources_1/new/weight.sv:487]
WARNING: [VRFC 10-278] actual bit length 32 differs from formal bit length 1 for port BRAM_PORTA_89_we [/afs/ece.cmu.edu/usr/dongjoop/Desktop/weightProject_FP/weight/weight.srcs/sources_1/new/weight.sv:492]
WARNING: [VRFC 10-278] actual bit length 32 differs from formal bit length 1 for port BRAM_PORTA_90_we [/afs/ece.cmu.edu/usr/dongjoop/Desktop/weightProject_FP/weight/weight.srcs/sources_1/new/weight.sv:497]
WARNING: [VRFC 10-278] actual bit length 32 differs from formal bit length 1 for port BRAM_PORTA_91_we [/afs/ece.cmu.edu/usr/dongjoop/Desktop/weightProject_FP/weight/weight.srcs/sources_1/new/weight.sv:502]
WARNING: [VRFC 10-278] actual bit length 32 differs from formal bit length 1 for port BRAM_PORTA_92_we [/afs/ece.cmu.edu/usr/dongjoop/Desktop/weightProject_FP/weight/weight.srcs/sources_1/new/weight.sv:507]
WARNING: [VRFC 10-278] actual bit length 32 differs from formal bit length 1 for port BRAM_PORTA_93_we [/afs/ece.cmu.edu/usr/dongjoop/Desktop/weightProject_FP/weight/weight.srcs/sources_1/new/weight.sv:512]
WARNING: [VRFC 10-278] actual bit length 32 differs from formal bit length 1 for port BRAM_PORTA_94_we [/afs/ece.cmu.edu/usr/dongjoop/Desktop/weightProject_FP/weight/weight.srcs/sources_1/new/weight.sv:517]
WARNING: [VRFC 10-278] actual bit length 32 differs from formal bit length 1 for port BRAM_PORTA_95_we [/afs/ece.cmu.edu/usr/dongjoop/Desktop/weightProject_FP/weight/weight.srcs/sources_1/new/weight.sv:522]
WARNING: [VRFC 10-278] actual bit length 32 differs from formal bit length 1 for port BRAM_PORTA_96_we [/afs/ece.cmu.edu/usr/dongjoop/Desktop/weightProject_FP/weight/weight.srcs/sources_1/new/weight.sv:527]
WARNING: [VRFC 10-278] actual bit length 32 differs from formal bit length 1 for port BRAM_PORTA_97_we [/afs/ece.cmu.edu/usr/dongjoop/Desktop/weightProject_FP/weight/weight.srcs/sources_1/new/weight.sv:532]
WARNING: [VRFC 10-278] actual bit length 32 differs from formal bit length 1 for port BRAM_PORTA_98_we [/afs/ece.cmu.edu/usr/dongjoop/Desktop/weightProject_FP/weight/weight.srcs/sources_1/new/weight.sv:537]
WARNING: [VRFC 10-278] actual bit length 32 differs from formal bit length 1 for port BRAM_PORTA_99_we [/afs/ece.cmu.edu/usr/dongjoop/Desktop/weightProject_FP/weight/weight.srcs/sources_1/new/weight.sv:542]
WARNING: [VRFC 10-278] actual bit length 32 differs from formal bit length 1 for port BRAM_PORTA_100_we [/afs/ece.cmu.edu/usr/dongjoop/Desktop/weightProject_FP/weight/weight.srcs/sources_1/new/weight.sv:547]
WARNING: [VRFC 10-278] actual bit length 32 differs from formal bit length 1 for port BRAM_PORTA_101_we [/afs/ece.cmu.edu/usr/dongjoop/Desktop/weightProject_FP/weight/weight.srcs/sources_1/new/weight.sv:552]
WARNING: [VRFC 10-278] actual bit length 32 differs from formal bit length 1 for port BRAM_PORTA_102_we [/afs/ece.cmu.edu/usr/dongjoop/Desktop/weightProject_FP/weight/weight.srcs/sources_1/new/weight.sv:557]
WARNING: [VRFC 10-278] actual bit length 32 differs from formal bit length 1 for port BRAM_PORTA_103_we [/afs/ece.cmu.edu/usr/dongjoop/Desktop/weightProject_FP/weight/weight.srcs/sources_1/new/weight.sv:562]
WARNING: [VRFC 10-278] actual bit length 32 differs from formal bit length 1 for port BRAM_PORTA_104_we [/afs/ece.cmu.edu/usr/dongjoop/Desktop/weightProject_FP/weight/weight.srcs/sources_1/new/weight.sv:567]
WARNING: [VRFC 10-278] actual bit length 32 differs from formal bit length 1 for port BRAM_PORTA_105_we [/afs/ece.cmu.edu/usr/dongjoop/Desktop/weightProject_FP/weight/weight.srcs/sources_1/new/weight.sv:572]
WARNING: [VRFC 10-278] actual bit length 32 differs from formal bit length 1 for port BRAM_PORTA_106_we [/afs/ece.cmu.edu/usr/dongjoop/Desktop/weightProject_FP/weight/weight.srcs/sources_1/new/weight.sv:577]
WARNING: [VRFC 10-278] actual bit length 32 differs from formal bit length 1 for port BRAM_PORTA_107_we [/afs/ece.cmu.edu/usr/dongjoop/Desktop/weightProject_FP/weight/weight.srcs/sources_1/new/weight.sv:582]
WARNING: [VRFC 10-278] actual bit length 32 differs from formal bit length 1 for port BRAM_PORTA_108_we [/afs/ece.cmu.edu/usr/dongjoop/Desktop/weightProject_FP/weight/weight.srcs/sources_1/new/weight.sv:587]
WARNING: [VRFC 10-278] actual bit length 32 differs from formal bit length 1 for port BRAM_PORTA_109_we [/afs/ece.cmu.edu/usr/dongjoop/Desktop/weightProject_FP/weight/weight.srcs/sources_1/new/weight.sv:592]
WARNING: [VRFC 10-278] actual bit length 32 differs from formal bit length 1 for port BRAM_PORTA_110_we [/afs/ece.cmu.edu/usr/dongjoop/Desktop/weightProject_FP/weight/weight.srcs/sources_1/new/weight.sv:597]
WARNING: [VRFC 10-278] actual bit length 32 differs from formal bit length 1 for port BRAM_PORTA_111_we [/afs/ece.cmu.edu/usr/dongjoop/Desktop/weightProject_FP/weight/weight.srcs/sources_1/new/weight.sv:602]
WARNING: [VRFC 10-278] actual bit length 32 differs from formal bit length 1 for port BRAM_PORTA_112_we [/afs/ece.cmu.edu/usr/dongjoop/Desktop/weightProject_FP/weight/weight.srcs/sources_1/new/weight.sv:607]
WARNING: [VRFC 10-278] actual bit length 32 differs from formal bit length 1 for port BRAM_PORTA_113_we [/afs/ece.cmu.edu/usr/dongjoop/Desktop/weightProject_FP/weight/weight.srcs/sources_1/new/weight.sv:612]
WARNING: [VRFC 10-278] actual bit length 32 differs from formal bit length 1 for port BRAM_PORTA_114_we [/afs/ece.cmu.edu/usr/dongjoop/Desktop/weightProject_FP/weight/weight.srcs/sources_1/new/weight.sv:617]
WARNING: [VRFC 10-278] actual bit length 32 differs from formal bit length 1 for port BRAM_PORTA_115_we [/afs/ece.cmu.edu/usr/dongjoop/Desktop/weightProject_FP/weight/weight.srcs/sources_1/new/weight.sv:622]
WARNING: [VRFC 10-278] actual bit length 32 differs from formal bit length 1 for port BRAM_PORTA_116_we [/afs/ece.cmu.edu/usr/dongjoop/Desktop/weightProject_FP/weight/weight.srcs/sources_1/new/weight.sv:627]
WARNING: [VRFC 10-278] actual bit length 32 differs from formal bit length 1 for port BRAM_PORTA_117_we [/afs/ece.cmu.edu/usr/dongjoop/Desktop/weightProject_FP/weight/weight.srcs/sources_1/new/weight.sv:632]
WARNING: [VRFC 10-278] actual bit length 32 differs from formal bit length 1 for port BRAM_PORTA_118_we [/afs/ece.cmu.edu/usr/dongjoop/Desktop/weightProject_FP/weight/weight.srcs/sources_1/new/weight.sv:637]
WARNING: [VRFC 10-278] actual bit length 32 differs from formal bit length 1 for port BRAM_PORTA_119_we [/afs/ece.cmu.edu/usr/dongjoop/Desktop/weightProject_FP/weight/weight.srcs/sources_1/new/weight.sv:642]
WARNING: [VRFC 10-278] actual bit length 32 differs from formal bit length 1 for port BRAM_PORTA_120_we [/afs/ece.cmu.edu/usr/dongjoop/Desktop/weightProject_FP/weight/weight.srcs/sources_1/new/weight.sv:647]
WARNING: [VRFC 10-278] actual bit length 32 differs from formal bit length 1 for port BRAM_PORTA_121_we [/afs/ece.cmu.edu/usr/dongjoop/Desktop/weightProject_FP/weight/weight.srcs/sources_1/new/weight.sv:652]
WARNING: [VRFC 10-278] actual bit length 32 differs from formal bit length 1 for port BRAM_PORTA_122_we [/afs/ece.cmu.edu/usr/dongjoop/Desktop/weightProject_FP/weight/weight.srcs/sources_1/new/weight.sv:657]
WARNING: [VRFC 10-278] actual bit length 32 differs from formal bit length 1 for port BRAM_PORTA_123_we [/afs/ece.cmu.edu/usr/dongjoop/Desktop/weightProject_FP/weight/weight.srcs/sources_1/new/weight.sv:662]
WARNING: [VRFC 10-278] actual bit length 32 differs from formal bit length 1 for port BRAM_PORTA_124_we [/afs/ece.cmu.edu/usr/dongjoop/Desktop/weightProject_FP/weight/weight.srcs/sources_1/new/weight.sv:667]
WARNING: [VRFC 10-278] actual bit length 32 differs from formal bit length 1 for port BRAM_PORTA_125_we [/afs/ece.cmu.edu/usr/dongjoop/Desktop/weightProject_FP/weight/weight.srcs/sources_1/new/weight.sv:672]
WARNING: [VRFC 10-278] actual bit length 32 differs from formal bit length 1 for port BRAM_PORTA_126_we [/afs/ece.cmu.edu/usr/dongjoop/Desktop/weightProject_FP/weight/weight.srcs/sources_1/new/weight.sv:677]
WARNING: [VRFC 10-278] actual bit length 32 differs from formal bit length 1 for port BRAM_PORTA_127_we [/afs/ece.cmu.edu/usr/dongjoop/Desktop/weightProject_FP/weight/weight.srcs/sources_1/new/weight.sv:682]
WARNING: [VRFC 10-278] actual bit length 32 differs from formal bit length 1 for port BRAM_PORTA_we [/afs/ece.cmu.edu/usr/dongjoop/Desktop/weightProject_FP/weight/weight.srcs/sources_1/new/weight.sv:689]
WARNING: [VRFC 10-278] actual bit length 32 differs from formal bit length 1 for port BRAM_PORTA1_we [/afs/ece.cmu.edu/usr/dongjoop/Desktop/weightProject_FP/weight/weight.srcs/sources_1/new/weight.sv:694]
WARNING: [VRFC 10-278] actual bit length 32 differs from formal bit length 1 for port BRAM_PORTA2_we [/afs/ece.cmu.edu/usr/dongjoop/Desktop/weightProject_FP/weight/weight.srcs/sources_1/new/weight.sv:699]
WARNING: [VRFC 10-278] actual bit length 32 differs from formal bit length 1 for port BRAM_PORTA3_we [/afs/ece.cmu.edu/usr/dongjoop/Desktop/weightProject_FP/weight/weight.srcs/sources_1/new/weight.sv:704]
WARNING: [VRFC 10-278] actual bit length 32 differs from formal bit length 1 for port BRAM_PORTA4_we [/afs/ece.cmu.edu/usr/dongjoop/Desktop/weightProject_FP/weight/weight.srcs/sources_1/new/weight.sv:709]
WARNING: [VRFC 10-278] actual bit length 32 differs from formal bit length 1 for port BRAM_PORTA5_we [/afs/ece.cmu.edu/usr/dongjoop/Desktop/weightProject_FP/weight/weight.srcs/sources_1/new/weight.sv:714]
WARNING: [VRFC 10-278] actual bit length 32 differs from formal bit length 1 for port BRAM_PORTA6_we [/afs/ece.cmu.edu/usr/dongjoop/Desktop/weightProject_FP/weight/weight.srcs/sources_1/new/weight.sv:719]
WARNING: [VRFC 10-278] actual bit length 32 differs from formal bit length 1 for port BRAM_PORTA7_we [/afs/ece.cmu.edu/usr/dongjoop/Desktop/weightProject_FP/weight/weight.srcs/sources_1/new/weight.sv:724]
WARNING: [VRFC 10-278] actual bit length 32 differs from formal bit length 1 for port BRAM_PORTA8_we [/afs/ece.cmu.edu/usr/dongjoop/Desktop/weightProject_FP/weight/weight.srcs/sources_1/new/weight.sv:729]
WARNING: [VRFC 10-278] actual bit length 32 differs from formal bit length 1 for port BRAM_PORTA9_we [/afs/ece.cmu.edu/usr/dongjoop/Desktop/weightProject_FP/weight/weight.srcs/sources_1/new/weight.sv:734]
Completed static elaboration
Starting simulation data flow analysis
Completed simulation data flow analysis
Time Resolution for simulation is 1ps
Compiling module blk_mem_gen_v8_2.BLK_MEM_GEN_v8_2_output_stage(C_...
Compiling module blk_mem_gen_v8_2.BLK_MEM_GEN_v8_2_output_stage(C_...
Compiling module blk_mem_gen_v8_2.BLK_MEM_GEN_v8_2_softecc_output_...
Compiling module blk_mem_gen_v8_2.BLK_MEM_GEN_v8_2_mem_module(C_CO...
Compiling module blk_mem_gen_v8_2.blk_mem_gen_v8_2(C_ELABORATION_D...
Compiling module xil_defaultlib.weights_layer_0_blk_mem_gen_0_0
Compiling module blk_mem_gen_v8_2.BLK_MEM_GEN_v8_2_mem_module(C_CO...
Compiling module blk_mem_gen_v8_2.blk_mem_gen_v8_2(C_ELABORATION_D...
Compiling module xil_defaultlib.weights_layer_0_blk_mem_gen_0_2
Compiling module blk_mem_gen_v8_2.BLK_MEM_GEN_v8_2_mem_module(C_CO...
Compiling module blk_mem_gen_v8_2.blk_mem_gen_v8_2(C_ELABORATION_D...
Compiling module xil_defaultlib.weights_layer_0_blk_mem_gen_3_6
Compiling module blk_mem_gen_v8_2.BLK_MEM_GEN_v8_2_mem_module(C_CO...
Compiling module blk_mem_gen_v8_2.blk_mem_gen_v8_2(C_ELABORATION_D...
Compiling module xil_defaultlib.weights_layer_0_blk_mem_gen_27_7...
Compiling module blk_mem_gen_v8_2.BLK_MEM_GEN_v8_2_mem_module(C_CO...
Compiling module blk_mem_gen_v8_2.blk_mem_gen_v8_2(C_ELABORATION_D...
Compiling module xil_defaultlib.weights_layer_0_blk_mem_gen_27_7...
Compiling module blk_mem_gen_v8_2.BLK_MEM_GEN_v8_2_mem_module(C_CO...
Compiling module blk_mem_gen_v8_2.blk_mem_gen_v8_2(C_ELABORATION_D...
Compiling module xil_defaultlib.weights_layer_0_blk_mem_gen_27_7...
Compiling module blk_mem_gen_v8_2.BLK_MEM_GEN_v8_2_mem_module(C_CO...
Compiling module blk_mem_gen_v8_2.blk_mem_gen_v8_2(C_ELABORATION_D...
Compiling module xil_defaultlib.weights_layer_0_blk_mem_gen_27_7...
Compiling module blk_mem_gen_v8_2.BLK_MEM_GEN_v8_2_mem_module(C_CO...
Compiling module blk_mem_gen_v8_2.blk_mem_gen_v8_2(C_ELABORATION_D...
Compiling module xil_defaultlib.weights_layer_0_blk_mem_gen_27_7...
Compiling module blk_mem_gen_v8_2.BLK_MEM_GEN_v8_2_mem_module(C_CO...
Compiling module blk_mem_gen_v8_2.blk_mem_gen_v8_2(C_ELABORATION_D...
Compiling module xil_defaultlib.weights_layer_0_blk_mem_gen_27_7...
Compiling module blk_mem_gen_v8_2.BLK_MEM_GEN_v8_2_mem_module(C_CO...
Compiling module blk_mem_gen_v8_2.blk_mem_gen_v8_2(C_ELABORATION_D...
Compiling module xil_defaultlib.weights_layer_0_blk_mem_gen_27_7...
Compiling module blk_mem_gen_v8_2.BLK_MEM_GEN_v8_2_mem_module(C_CO...
Compiling module blk_mem_gen_v8_2.blk_mem_gen_v8_2(C_ELABORATION_D...
Compiling module xil_defaultlib.weights_layer_0_blk_mem_gen_27_7...
Compiling module blk_mem_gen_v8_2.BLK_MEM_GEN_v8_2_mem_module(C_CO...
Compiling module blk_mem_gen_v8_2.blk_mem_gen_v8_2(C_ELABORATION_D...
Compiling module xil_defaultlib.weights_layer_0_blk_mem_gen_27_8...
Compiling module blk_mem_gen_v8_2.BLK_MEM_GEN_v8_2_mem_module(C_CO...
Compiling module blk_mem_gen_v8_2.blk_mem_gen_v8_2(C_ELABORATION_D...
Compiling module xil_defaultlib.weights_layer_0_blk_mem_gen_27_8...
Compiling module blk_mem_gen_v8_2.BLK_MEM_GEN_v8_2_mem_module(C_CO...
Compiling module blk_mem_gen_v8_2.blk_mem_gen_v8_2(C_ELABORATION_D...
Compiling module xil_defaultlib.weights_layer_0_blk_mem_gen_3_7
Compiling module blk_mem_gen_v8_2.BLK_MEM_GEN_v8_2_mem_module(C_CO...
Compiling module blk_mem_gen_v8_2.blk_mem_gen_v8_2(C_ELABORATION_D...
Compiling module xil_defaultlib.weights_layer_0_blk_mem_gen_27_8...
Compiling module blk_mem_gen_v8_2.BLK_MEM_GEN_v8_2_mem_module(C_CO...
Compiling module blk_mem_gen_v8_2.blk_mem_gen_v8_2(C_ELABORATION_D...
Compiling module xil_defaultlib.weights_layer_0_blk_mem_gen_27_8...
Compiling module blk_mem_gen_v8_2.BLK_MEM_GEN_v8_2_mem_module(C_CO...
Compiling module blk_mem_gen_v8_2.blk_mem_gen_v8_2(C_ELABORATION_D...
Compiling module xil_defaultlib.weights_layer_0_blk_mem_gen_27_8...
Compiling module blk_mem_gen_v8_2.BLK_MEM_GEN_v8_2_mem_module(C_CO...
Compiling module blk_mem_gen_v8_2.blk_mem_gen_v8_2(C_ELABORATION_D...
Compiling module xil_defaultlib.weights_layer_0_blk_mem_gen_27_8...
Compiling module blk_mem_gen_v8_2.BLK_MEM_GEN_v8_2_mem_module(C_CO...
Compiling module blk_mem_gen_v8_2.blk_mem_gen_v8_2(C_ELABORATION_D...
Compiling module xil_defaultlib.weights_layer_0_blk_mem_gen_27_8...
Compiling module blk_mem_gen_v8_2.BLK_MEM_GEN_v8_2_mem_module(C_CO...
Compiling module blk_mem_gen_v8_2.blk_mem_gen_v8_2(C_ELABORATION_D...
Compiling module xil_defaultlib.weights_layer_0_blk_mem_gen_27_8...
Compiling module blk_mem_gen_v8_2.BLK_MEM_GEN_v8_2_mem_module(C_CO...
Compiling module blk_mem_gen_v8_2.blk_mem_gen_v8_2(C_ELABORATION_D...
Compiling module xil_defaultlib.weights_layer_0_blk_mem_gen_27_8...
Compiling module blk_mem_gen_v8_2.BLK_MEM_GEN_v8_2_mem_module(C_CO...
Compiling module blk_mem_gen_v8_2.blk_mem_gen_v8_2(C_ELABORATION_D...
Compiling module xil_defaultlib.weights_layer_0_blk_mem_gen_27_8...
Compiling module blk_mem_gen_v8_2.BLK_MEM_GEN_v8_2_mem_module(C_CO...
Compiling module blk_mem_gen_v8_2.blk_mem_gen_v8_2(C_ELABORATION_D...
Compiling module xil_defaultlib.weights_layer_0_blk_mem_gen_27_9...
Compiling module blk_mem_gen_v8_2.BLK_MEM_GEN_v8_2_mem_module(C_CO...
Compiling module blk_mem_gen_v8_2.blk_mem_gen_v8_2(C_ELABORATION_D...
Compiling module xil_defaultlib.weights_layer_0_blk_mem_gen_27_9...
Compiling module blk_mem_gen_v8_2.BLK_MEM_GEN_v8_2_mem_module(C_CO...
Compiling module blk_mem_gen_v8_2.blk_mem_gen_v8_2(C_ELABORATION_D...
Compiling module xil_defaultlib.weights_layer_0_blk_mem_gen_3_8
Compiling module blk_mem_gen_v8_2.BLK_MEM_GEN_v8_2_mem_module(C_CO...
Compiling module blk_mem_gen_v8_2.blk_mem_gen_v8_2(C_ELABORATION_D...
Compiling module xil_defaultlib.weights_layer_0_blk_mem_gen_27_9...
Compiling module blk_mem_gen_v8_2.BLK_MEM_GEN_v8_2_mem_module(C_CO...
Compiling module blk_mem_gen_v8_2.blk_mem_gen_v8_2(C_ELABORATION_D...
Compiling module xil_defaultlib.weights_layer_0_blk_mem_gen_27_9...
Compiling module blk_mem_gen_v8_2.BLK_MEM_GEN_v8_2_mem_module(C_CO...
Compiling module blk_mem_gen_v8_2.blk_mem_gen_v8_2(C_ELABORATION_D...
Compiling module xil_defaultlib.weights_layer_0_blk_mem_gen_27_9...
Compiling module blk_mem_gen_v8_2.BLK_MEM_GEN_v8_2_mem_module(C_CO...
Compiling module blk_mem_gen_v8_2.blk_mem_gen_v8_2(C_ELABORATION_D...
Compiling module xil_defaultlib.weights_layer_0_blk_mem_gen_27_9...
Compiling module blk_mem_gen_v8_2.BLK_MEM_GEN_v8_2_mem_module(C_CO...
Compiling module blk_mem_gen_v8_2.blk_mem_gen_v8_2(C_ELABORATION_D...
Compiling module xil_defaultlib.weights_layer_0_blk_mem_gen_27_9...
Compiling module blk_mem_gen_v8_2.BLK_MEM_GEN_v8_2_mem_module(C_CO...
Compiling module blk_mem_gen_v8_2.blk_mem_gen_v8_2(C_ELABORATION_D...
Compiling module xil_defaultlib.weights_layer_0_blk_mem_gen_27_9...
Compiling module blk_mem_gen_v8_2.BLK_MEM_GEN_v8_2_mem_module(C_CO...
Compiling module blk_mem_gen_v8_2.blk_mem_gen_v8_2(C_ELABORATION_D...
Compiling module xil_defaultlib.weights_layer_0_blk_mem_gen_27_9...
Compiling module blk_mem_gen_v8_2.BLK_MEM_GEN_v8_2_mem_module(C_CO...
Compiling module blk_mem_gen_v8_2.blk_mem_gen_v8_2(C_ELABORATION_D...
Compiling module xil_defaultlib.weights_layer_0_blk_mem_gen_27_9...
Compiling module blk_mem_gen_v8_2.BLK_MEM_GEN_v8_2_mem_module(C_CO...
Compiling module blk_mem_gen_v8_2.blk_mem_gen_v8_2(C_ELABORATION_D...
Compiling module xil_defaultlib.weights_layer_0_blk_mem_gen_3_9
Compiling module blk_mem_gen_v8_2.BLK_MEM_GEN_v8_2_mem_module(C_CO...
Compiling module blk_mem_gen_v8_2.blk_mem_gen_v8_2(C_ELABORATION_D...
Compiling module xil_defaultlib.weights_layer_0_blk_mem_gen_3_10
Compiling module blk_mem_gen_v8_2.BLK_MEM_GEN_v8_2_mem_module(C_CO...
Compiling module blk_mem_gen_v8_2.blk_mem_gen_v8_2(C_ELABORATION_D...
Compiling module xil_defaultlib.weights_layer_0_blk_mem_gen_14_0
Compiling module blk_mem_gen_v8_2.BLK_MEM_GEN_v8_2_mem_module(C_CO...
Compiling module blk_mem_gen_v8_2.blk_mem_gen_v8_2(C_ELABORATION_D...
Compiling module xil_defaultlib.weights_layer_0_blk_mem_gen_14_1
Compiling module blk_mem_gen_v8_2.BLK_MEM_GEN_v8_2_mem_module(C_CO...
Compiling module blk_mem_gen_v8_2.blk_mem_gen_v8_2(C_ELABORATION_D...
Compiling module xil_defaultlib.weights_layer_0_blk_mem_gen_14_2
Compiling module blk_mem_gen_v8_2.BLK_MEM_GEN_v8_2_mem_module(C_CO...
Compiling module blk_mem_gen_v8_2.blk_mem_gen_v8_2(C_ELABORATION_D...
Compiling module xil_defaultlib.weights_layer_0_blk_mem_gen_14_3
Compiling module blk_mem_gen_v8_2.BLK_MEM_GEN_v8_2_mem_module(C_CO...
Compiling module blk_mem_gen_v8_2.blk_mem_gen_v8_2(C_ELABORATION_D...
Compiling module xil_defaultlib.weights_layer_0_blk_mem_gen_14_4
Compiling module blk_mem_gen_v8_2.BLK_MEM_GEN_v8_2_mem_module(C_CO...
Compiling module blk_mem_gen_v8_2.blk_mem_gen_v8_2(C_ELABORATION_D...
Compiling module xil_defaultlib.weights_layer_0_blk_mem_gen_1_2
Compiling module blk_mem_gen_v8_2.BLK_MEM_GEN_v8_2_mem_module(C_CO...
Compiling module blk_mem_gen_v8_2.blk_mem_gen_v8_2(C_ELABORATION_D...
Compiling module xil_defaultlib.weights_layer_0_blk_mem_gen_14_5
Compiling module blk_mem_gen_v8_2.BLK_MEM_GEN_v8_2_mem_module(C_CO...
Compiling module blk_mem_gen_v8_2.blk_mem_gen_v8_2(C_ELABORATION_D...
Compiling module xil_defaultlib.weights_layer_0_blk_mem_gen_14_6
Compiling module blk_mem_gen_v8_2.BLK_MEM_GEN_v8_2_mem_module(C_CO...
Compiling module blk_mem_gen_v8_2.blk_mem_gen_v8_2(C_ELABORATION_D...
Compiling module xil_defaultlib.weights_layer_0_blk_mem_gen_14_7
Compiling module blk_mem_gen_v8_2.BLK_MEM_GEN_v8_2_mem_module(C_CO...
Compiling module blk_mem_gen_v8_2.blk_mem_gen_v8_2(C_ELABORATION_D...
Compiling module xil_defaultlib.weights_layer_0_blk_mem_gen_14_8
Compiling module blk_mem_gen_v8_2.BLK_MEM_GEN_v8_2_mem_module(C_CO...
Compiling module blk_mem_gen_v8_2.blk_mem_gen_v8_2(C_ELABORATION_D...
Compiling module xil_defaultlib.weights_layer_0_blk_mem_gen_14_9
Compiling module blk_mem_gen_v8_2.BLK_MEM_GEN_v8_2_mem_module(C_CO...
Compiling module blk_mem_gen_v8_2.blk_mem_gen_v8_2(C_ELABORATION_D...
Compiling module xil_defaultlib.weights_layer_0_blk_mem_gen_14_1...
Compiling module blk_mem_gen_v8_2.BLK_MEM_GEN_v8_2_mem_module(C_CO...
Compiling module blk_mem_gen_v8_2.blk_mem_gen_v8_2(C_ELABORATION_D...
Compiling module xil_defaultlib.weights_layer_0_blk_mem_gen_1_0
Compiling module blk_mem_gen_v8_2.BLK_MEM_GEN_v8_2_mem_module(C_CO...
Compiling module blk_mem_gen_v8_2.blk_mem_gen_v8_2(C_ELABORATION_D...
Compiling module xil_defaultlib.weights_layer_0_blk_mem_gen_26_0
Compiling module blk_mem_gen_v8_2.BLK_MEM_GEN_v8_2_mem_module(C_CO...
Compiling module blk_mem_gen_v8_2.blk_mem_gen_v8_2(C_ELABORATION_D...
Compiling module xil_defaultlib.weights_layer_0_blk_mem_gen_27_0
Compiling module blk_mem_gen_v8_2.BLK_MEM_GEN_v8_2_mem_module(C_CO...
Compiling module blk_mem_gen_v8_2.blk_mem_gen_v8_2(C_ELABORATION_D...
Compiling module xil_defaultlib.weights_layer_0_blk_mem_gen_27_1
Compiling module blk_mem_gen_v8_2.BLK_MEM_GEN_v8_2_mem_module(C_CO...
Compiling module blk_mem_gen_v8_2.blk_mem_gen_v8_2(C_ELABORATION_D...
Compiling module xil_defaultlib.weights_layer_0_blk_mem_gen_1_3
Compiling module blk_mem_gen_v8_2.BLK_MEM_GEN_v8_2_mem_module(C_CO...
Compiling module blk_mem_gen_v8_2.blk_mem_gen_v8_2(C_ELABORATION_D...
Compiling module xil_defaultlib.weights_layer_0_blk_mem_gen_27_2
Compiling module blk_mem_gen_v8_2.BLK_MEM_GEN_v8_2_mem_module(C_CO...
Compiling module blk_mem_gen_v8_2.blk_mem_gen_v8_2(C_ELABORATION_D...
Compiling module xil_defaultlib.weights_layer_0_blk_mem_gen_27_3
Compiling module blk_mem_gen_v8_2.BLK_MEM_GEN_v8_2_mem_module(C_CO...
Compiling module blk_mem_gen_v8_2.blk_mem_gen_v8_2(C_ELABORATION_D...
Compiling module xil_defaultlib.weights_layer_0_blk_mem_gen_27_4
Compiling module blk_mem_gen_v8_2.BLK_MEM_GEN_v8_2_mem_module(C_CO...
Compiling module blk_mem_gen_v8_2.blk_mem_gen_v8_2(C_ELABORATION_D...
Compiling module xil_defaultlib.weights_layer_0_blk_mem_gen_27_5
Compiling module blk_mem_gen_v8_2.BLK_MEM_GEN_v8_2_mem_module(C_CO...
Compiling module blk_mem_gen_v8_2.blk_mem_gen_v8_2(C_ELABORATION_D...
Compiling module xil_defaultlib.weights_layer_0_blk_mem_gen_27_6
Compiling module blk_mem_gen_v8_2.BLK_MEM_GEN_v8_2_mem_module(C_CO...
Compiling module blk_mem_gen_v8_2.blk_mem_gen_v8_2(C_ELABORATION_D...
Compiling module xil_defaultlib.weights_layer_0_blk_mem_gen_27_7
Compiling module blk_mem_gen_v8_2.BLK_MEM_GEN_v8_2_mem_module(C_CO...
Compiling module blk_mem_gen_v8_2.blk_mem_gen_v8_2(C_ELABORATION_D...
Compiling module xil_defaultlib.weights_layer_0_blk_mem_gen_27_8
Compiling module blk_mem_gen_v8_2.BLK_MEM_GEN_v8_2_mem_module(C_CO...
Compiling module blk_mem_gen_v8_2.blk_mem_gen_v8_2(C_ELABORATION_D...
Compiling module xil_defaultlib.weights_layer_0_blk_mem_gen_27_9
Compiling module blk_mem_gen_v8_2.BLK_MEM_GEN_v8_2_mem_module(C_CO...
Compiling module blk_mem_gen_v8_2.blk_mem_gen_v8_2(C_ELABORATION_D...
Compiling module xil_defaultlib.weights_layer_0_blk_mem_gen_27_1...
Compiling module blk_mem_gen_v8_2.BLK_MEM_GEN_v8_2_mem_module(C_CO...
Compiling module blk_mem_gen_v8_2.blk_mem_gen_v8_2(C_ELABORATION_D...
Compiling module xil_defaultlib.weights_layer_0_blk_mem_gen_27_1...
Compiling module blk_mem_gen_v8_2.BLK_MEM_GEN_v8_2_mem_module(C_CO...
Compiling module blk_mem_gen_v8_2.blk_mem_gen_v8_2(C_ELABORATION_D...
Compiling module xil_defaultlib.weights_layer_0_blk_mem_gen_3_0
Compiling module blk_mem_gen_v8_2.BLK_MEM_GEN_v8_2_mem_module(C_CO...
Compiling module blk_mem_gen_v8_2.blk_mem_gen_v8_2(C_ELABORATION_D...
Compiling module xil_defaultlib.weights_layer_0_blk_mem_gen_27_1...
Compiling module blk_mem_gen_v8_2.BLK_MEM_GEN_v8_2_mem_module(C_CO...
Compiling module blk_mem_gen_v8_2.blk_mem_gen_v8_2(C_ELABORATION_D...
Compiling module xil_defaultlib.weights_layer_0_blk_mem_gen_27_1...
Compiling module blk_mem_gen_v8_2.BLK_MEM_GEN_v8_2_mem_module(C_CO...
Compiling module blk_mem_gen_v8_2.blk_mem_gen_v8_2(C_ELABORATION_D...
Compiling module xil_defaultlib.weights_layer_0_blk_mem_gen_27_1...
Compiling module blk_mem_gen_v8_2.BLK_MEM_GEN_v8_2_mem_module(C_CO...
Compiling module blk_mem_gen_v8_2.blk_mem_gen_v8_2(C_ELABORATION_D...
Compiling module xil_defaultlib.weights_layer_0_blk_mem_gen_27_1...
Compiling module blk_mem_gen_v8_2.BLK_MEM_GEN_v8_2_mem_module(C_CO...
Compiling module blk_mem_gen_v8_2.blk_mem_gen_v8_2(C_ELABORATION_D...
Compiling module xil_defaultlib.weights_layer_0_blk_mem_gen_27_1...
Compiling module blk_mem_gen_v8_2.BLK_MEM_GEN_v8_2_mem_module(C_CO...
Compiling module blk_mem_gen_v8_2.blk_mem_gen_v8_2(C_ELABORATION_D...
Compiling module xil_defaultlib.weights_layer_0_blk_mem_gen_27_1...
Compiling module blk_mem_gen_v8_2.BLK_MEM_GEN_v8_2_mem_module(C_CO...
Compiling module blk_mem_gen_v8_2.blk_mem_gen_v8_2(C_ELABORATION_D...
Compiling module xil_defaultlib.weights_layer_0_blk_mem_gen_27_1...
Compiling module blk_mem_gen_v8_2.BLK_MEM_GEN_v8_2_mem_module(C_CO...
Compiling module blk_mem_gen_v8_2.blk_mem_gen_v8_2(C_ELABORATION_D...
Compiling module xil_defaultlib.weights_layer_0_blk_mem_gen_27_1...
Compiling module blk_mem_gen_v8_2.BLK_MEM_GEN_v8_2_mem_module(C_CO...
Compiling module blk_mem_gen_v8_2.blk_mem_gen_v8_2(C_ELABORATION_D...
Compiling module xil_defaultlib.weights_layer_0_blk_mem_gen_27_2...
Compiling module blk_mem_gen_v8_2.BLK_MEM_GEN_v8_2_mem_module(C_CO...
Compiling module blk_mem_gen_v8_2.blk_mem_gen_v8_2(C_ELABORATION_D...
Compiling module xil_defaultlib.weights_layer_0_blk_mem_gen_27_2...
Compiling module blk_mem_gen_v8_2.BLK_MEM_GEN_v8_2_mem_module(C_CO...
Compiling module blk_mem_gen_v8_2.blk_mem_gen_v8_2(C_ELABORATION_D...
Compiling module xil_defaultlib.weights_layer_0_blk_mem_gen_3_1
Compiling module blk_mem_gen_v8_2.BLK_MEM_GEN_v8_2_mem_module(C_CO...
Compiling module blk_mem_gen_v8_2.blk_mem_gen_v8_2(C_ELABORATION_D...
Compiling module xil_defaultlib.weights_layer_0_blk_mem_gen_27_2...
Compiling module blk_mem_gen_v8_2.BLK_MEM_GEN_v8_2_mem_module(C_CO...
Compiling module blk_mem_gen_v8_2.blk_mem_gen_v8_2(C_ELABORATION_D...
Compiling module xil_defaultlib.weights_layer_0_blk_mem_gen_27_2...
Compiling module blk_mem_gen_v8_2.BLK_MEM_GEN_v8_2_mem_module(C_CO...
Compiling module blk_mem_gen_v8_2.blk_mem_gen_v8_2(C_ELABORATION_D...
Compiling module xil_defaultlib.weights_layer_0_blk_mem_gen_27_2...
Compiling module blk_mem_gen_v8_2.BLK_MEM_GEN_v8_2_mem_module(C_CO...
Compiling module blk_mem_gen_v8_2.blk_mem_gen_v8_2(C_ELABORATION_D...
Compiling module xil_defaultlib.weights_layer_0_blk_mem_gen_27_2...
Compiling module blk_mem_gen_v8_2.BLK_MEM_GEN_v8_2_mem_module(C_CO...
Compiling module blk_mem_gen_v8_2.blk_mem_gen_v8_2(C_ELABORATION_D...
Compiling module xil_defaultlib.weights_layer_0_blk_mem_gen_27_2...
Compiling module blk_mem_gen_v8_2.BLK_MEM_GEN_v8_2_mem_module(C_CO...
Compiling module blk_mem_gen_v8_2.blk_mem_gen_v8_2(C_ELABORATION_D...
Compiling module xil_defaultlib.weights_layer_0_blk_mem_gen_27_2...
Compiling module blk_mem_gen_v8_2.BLK_MEM_GEN_v8_2_mem_module(C_CO...
Compiling module blk_mem_gen_v8_2.blk_mem_gen_v8_2(C_ELABORATION_D...
Compiling module xil_defaultlib.weights_layer_0_blk_mem_gen_27_2...
Compiling module blk_mem_gen_v8_2.BLK_MEM_GEN_v8_2_mem_module(C_CO...
Compiling module blk_mem_gen_v8_2.blk_mem_gen_v8_2(C_ELABORATION_D...
Compiling module xil_defaultlib.weights_layer_0_blk_mem_gen_27_2...
Compiling module blk_mem_gen_v8_2.BLK_MEM_GEN_v8_2_mem_module(C_CO...
Compiling module blk_mem_gen_v8_2.blk_mem_gen_v8_2(C_ELABORATION_D...
Compiling module xil_defaultlib.weights_layer_0_blk_mem_gen_27_3...
Compiling module blk_mem_gen_v8_2.BLK_MEM_GEN_v8_2_mem_module(C_CO...
Compiling module blk_mem_gen_v8_2.blk_mem_gen_v8_2(C_ELABORATION_D...
Compiling module xil_defaultlib.weights_layer_0_blk_mem_gen_27_3...
Compiling module blk_mem_gen_v8_2.BLK_MEM_GEN_v8_2_mem_module(C_CO...
Compiling module blk_mem_gen_v8_2.blk_mem_gen_v8_2(C_ELABORATION_D...
Compiling module xil_defaultlib.weights_layer_0_blk_mem_gen_3_2
Compiling module blk_mem_gen_v8_2.BLK_MEM_GEN_v8_2_mem_module(C_CO...
Compiling module blk_mem_gen_v8_2.blk_mem_gen_v8_2(C_ELABORATION_D...
Compiling module xil_defaultlib.weights_layer_0_blk_mem_gen_27_3...
Compiling module blk_mem_gen_v8_2.BLK_MEM_GEN_v8_2_mem_module(C_CO...
Compiling module blk_mem_gen_v8_2.blk_mem_gen_v8_2(C_ELABORATION_D...
Compiling module xil_defaultlib.weights_layer_0_blk_mem_gen_27_3...
Compiling module blk_mem_gen_v8_2.BLK_MEM_GEN_v8_2_mem_module(C_CO...
Compiling module blk_mem_gen_v8_2.blk_mem_gen_v8_2(C_ELABORATION_D...
Compiling module xil_defaultlib.weights_layer_0_blk_mem_gen_27_3...
Compiling module blk_mem_gen_v8_2.BLK_MEM_GEN_v8_2_mem_module(C_CO...
Compiling module blk_mem_gen_v8_2.blk_mem_gen_v8_2(C_ELABORATION_D...
Compiling module xil_defaultlib.weights_layer_0_blk_mem_gen_27_3...
Compiling module blk_mem_gen_v8_2.BLK_MEM_GEN_v8_2_mem_module(C_CO...
Compiling module blk_mem_gen_v8_2.blk_mem_gen_v8_2(C_ELABORATION_D...
Compiling module xil_defaultlib.weights_layer_0_blk_mem_gen_27_3...
Compiling module blk_mem_gen_v8_2.BLK_MEM_GEN_v8_2_mem_module(C_CO...
Compiling module blk_mem_gen_v8_2.blk_mem_gen_v8_2(C_ELABORATION_D...
Compiling module xil_defaultlib.weights_layer_0_blk_mem_gen_27_3...
Compiling module blk_mem_gen_v8_2.BLK_MEM_GEN_v8_2_mem_module(C_CO...
Compiling module blk_mem_gen_v8_2.blk_mem_gen_v8_2(C_ELABORATION_D...
Compiling module xil_defaultlib.weights_layer_0_blk_mem_gen_27_3...
Compiling module blk_mem_gen_v8_2.BLK_MEM_GEN_v8_2_mem_module(C_CO...
Compiling module blk_mem_gen_v8_2.blk_mem_gen_v8_2(C_ELABORATION_D...
Compiling module xil_defaultlib.weights_layer_0_blk_mem_gen_27_3...
Compiling module blk_mem_gen_v8_2.BLK_MEM_GEN_v8_2_mem_module(C_CO...
Compiling module blk_mem_gen_v8_2.blk_mem_gen_v8_2(C_ELABORATION_D...
Compiling module xil_defaultlib.weights_layer_0_blk_mem_gen_27_4...
Compiling module blk_mem_gen_v8_2.BLK_MEM_GEN_v8_2_mem_module(C_CO...
Compiling module blk_mem_gen_v8_2.blk_mem_gen_v8_2(C_ELABORATION_D...
Compiling module xil_defaultlib.weights_layer_0_blk_mem_gen_27_4...
Compiling module blk_mem_gen_v8_2.BLK_MEM_GEN_v8_2_mem_module(C_CO...
Compiling module blk_mem_gen_v8_2.blk_mem_gen_v8_2(C_ELABORATION_D...
Compiling module xil_defaultlib.weights_layer_0_blk_mem_gen_3_3
Compiling module blk_mem_gen_v8_2.BLK_MEM_GEN_v8_2_mem_module(C_CO...
Compiling module blk_mem_gen_v8_2.blk_mem_gen_v8_2(C_ELABORATION_D...
Compiling module xil_defaultlib.weights_layer_0_blk_mem_gen_27_4...
Compiling module blk_mem_gen_v8_2.BLK_MEM_GEN_v8_2_mem_module(C_CO...
Compiling module blk_mem_gen_v8_2.blk_mem_gen_v8_2(C_ELABORATION_D...
Compiling module xil_defaultlib.weights_layer_0_blk_mem_gen_27_4...
Compiling module blk_mem_gen_v8_2.BLK_MEM_GEN_v8_2_mem_module(C_CO...
Compiling module blk_mem_gen_v8_2.blk_mem_gen_v8_2(C_ELABORATION_D...
Compiling module xil_defaultlib.weights_layer_0_blk_mem_gen_27_4...
Compiling module blk_mem_gen_v8_2.BLK_MEM_GEN_v8_2_mem_module(C_CO...
Compiling module blk_mem_gen_v8_2.blk_mem_gen_v8_2(C_ELABORATION_D...
Compiling module xil_defaultlib.weights_layer_0_blk_mem_gen_27_4...
Compiling module blk_mem_gen_v8_2.BLK_MEM_GEN_v8_2_mem_module(C_CO...
Compiling module blk_mem_gen_v8_2.blk_mem_gen_v8_2(C_ELABORATION_D...
Compiling module xil_defaultlib.weights_layer_0_blk_mem_gen_27_4...
Compiling module blk_mem_gen_v8_2.BLK_MEM_GEN_v8_2_mem_module(C_CO...
Compiling module blk_mem_gen_v8_2.blk_mem_gen_v8_2(C_ELABORATION_D...
Compiling module xil_defaultlib.weights_layer_0_blk_mem_gen_27_4...
Compiling module blk_mem_gen_v8_2.BLK_MEM_GEN_v8_2_mem_module(C_CO...
Compiling module blk_mem_gen_v8_2.blk_mem_gen_v8_2(C_ELABORATION_D...
Compiling module xil_defaultlib.weights_layer_0_blk_mem_gen_27_4...
Compiling module blk_mem_gen_v8_2.BLK_MEM_GEN_v8_2_mem_module(C_CO...
Compiling module blk_mem_gen_v8_2.blk_mem_gen_v8_2(C_ELABORATION_D...
Compiling module xil_defaultlib.weights_layer_0_blk_mem_gen_27_4...
Compiling module blk_mem_gen_v8_2.BLK_MEM_GEN_v8_2_mem_module(C_CO...
Compiling module blk_mem_gen_v8_2.blk_mem_gen_v8_2(C_ELABORATION_D...
Compiling module xil_defaultlib.weights_layer_0_blk_mem_gen_27_5...
Compiling module blk_mem_gen_v8_2.BLK_MEM_GEN_v8_2_mem_module(C_CO...
Compiling module blk_mem_gen_v8_2.blk_mem_gen_v8_2(C_ELABORATION_D...
Compiling module xil_defaultlib.weights_layer_0_blk_mem_gen_27_5...
Compiling module blk_mem_gen_v8_2.BLK_MEM_GEN_v8_2_mem_module(C_CO...
Compiling module blk_mem_gen_v8_2.blk_mem_gen_v8_2(C_ELABORATION_D...
Compiling module xil_defaultlib.weights_layer_0_blk_mem_gen_3_4
Compiling module blk_mem_gen_v8_2.BLK_MEM_GEN_v8_2_mem_module(C_CO...
Compiling module blk_mem_gen_v8_2.blk_mem_gen_v8_2(C_ELABORATION_D...
Compiling module xil_defaultlib.weights_layer_0_blk_mem_gen_27_5...
Compiling module blk_mem_gen_v8_2.BLK_MEM_GEN_v8_2_mem_module(C_CO...
Compiling module blk_mem_gen_v8_2.blk_mem_gen_v8_2(C_ELABORATION_D...
Compiling module xil_defaultlib.weights_layer_0_blk_mem_gen_27_5...
Compiling module blk_mem_gen_v8_2.BLK_MEM_GEN_v8_2_mem_module(C_CO...
Compiling module blk_mem_gen_v8_2.blk_mem_gen_v8_2(C_ELABORATION_D...
Compiling module xil_defaultlib.weights_layer_0_blk_mem_gen_27_5...
Compiling module blk_mem_gen_v8_2.BLK_MEM_GEN_v8_2_mem_module(C_CO...
Compiling module blk_mem_gen_v8_2.blk_mem_gen_v8_2(C_ELABORATION_D...
Compiling module xil_defaultlib.weights_layer_0_blk_mem_gen_27_5...
Compiling module blk_mem_gen_v8_2.BLK_MEM_GEN_v8_2_mem_module(C_CO...
Compiling module blk_mem_gen_v8_2.blk_mem_gen_v8_2(C_ELABORATION_D...
Compiling module xil_defaultlib.weights_layer_0_blk_mem_gen_27_5...
Compiling module blk_mem_gen_v8_2.BLK_MEM_GEN_v8_2_mem_module(C_CO...
Compiling module blk_mem_gen_v8_2.blk_mem_gen_v8_2(C_ELABORATION_D...
Compiling module xil_defaultlib.weights_layer_0_blk_mem_gen_27_5...
Compiling module blk_mem_gen_v8_2.BLK_MEM_GEN_v8_2_mem_module(C_CO...
Compiling module blk_mem_gen_v8_2.blk_mem_gen_v8_2(C_ELABORATION_D...
Compiling module xil_defaultlib.weights_layer_0_blk_mem_gen_27_5...
Compiling module blk_mem_gen_v8_2.BLK_MEM_GEN_v8_2_mem_module(C_CO...
Compiling module blk_mem_gen_v8_2.blk_mem_gen_v8_2(C_ELABORATION_D...
Compiling module xil_defaultlib.weights_layer_0_blk_mem_gen_27_5...
Compiling module blk_mem_gen_v8_2.BLK_MEM_GEN_v8_2_mem_module(C_CO...
Compiling module blk_mem_gen_v8_2.blk_mem_gen_v8_2(C_ELABORATION_D...
Compiling module xil_defaultlib.weights_layer_0_blk_mem_gen_27_6...
Compiling module blk_mem_gen_v8_2.BLK_MEM_GEN_v8_2_mem_module(C_CO...
Compiling module blk_mem_gen_v8_2.blk_mem_gen_v8_2(C_ELABORATION_D...
Compiling module xil_defaultlib.weights_layer_0_blk_mem_gen_27_6...
Compiling module blk_mem_gen_v8_2.BLK_MEM_GEN_v8_2_mem_module(C_CO...
Compiling module blk_mem_gen_v8_2.blk_mem_gen_v8_2(C_ELABORATION_D...
Compiling module xil_defaultlib.weights_layer_0_blk_mem_gen_3_5
Compiling module blk_mem_gen_v8_2.BLK_MEM_GEN_v8_2_mem_module(C_CO...
Compiling module blk_mem_gen_v8_2.blk_mem_gen_v8_2(C_ELABORATION_D...
Compiling module xil_defaultlib.weights_layer_0_blk_mem_gen_27_6...
Compiling module blk_mem_gen_v8_2.BLK_MEM_GEN_v8_2_mem_module(C_CO...
Compiling module blk_mem_gen_v8_2.blk_mem_gen_v8_2(C_ELABORATION_D...
Compiling module xil_defaultlib.weights_layer_0_blk_mem_gen_27_6...
Compiling module blk_mem_gen_v8_2.BLK_MEM_GEN_v8_2_mem_module(C_CO...
Compiling module blk_mem_gen_v8_2.blk_mem_gen_v8_2(C_ELABORATION_D...
Compiling module xil_defaultlib.weights_layer_0_blk_mem_gen_27_6...
Compiling module blk_mem_gen_v8_2.BLK_MEM_GEN_v8_2_mem_module(C_CO...
Compiling module blk_mem_gen_v8_2.blk_mem_gen_v8_2(C_ELABORATION_D...
Compiling module xil_defaultlib.weights_layer_0_blk_mem_gen_27_6...
Compiling module blk_mem_gen_v8_2.BLK_MEM_GEN_v8_2_mem_module(C_CO...
Compiling module blk_mem_gen_v8_2.blk_mem_gen_v8_2(C_ELABORATION_D...
Compiling module xil_defaultlib.weights_layer_0_blk_mem_gen_27_6...
Compiling module blk_mem_gen_v8_2.BLK_MEM_GEN_v8_2_mem_module(C_CO...
Compiling module blk_mem_gen_v8_2.blk_mem_gen_v8_2(C_ELABORATION_D...
Compiling module xil_defaultlib.weights_layer_0_blk_mem_gen_27_6...
Compiling module blk_mem_gen_v8_2.BLK_MEM_GEN_v8_2_mem_module(C_CO...
Compiling module blk_mem_gen_v8_2.blk_mem_gen_v8_2(C_ELABORATION_D...
Compiling module xil_defaultlib.weights_layer_0_blk_mem_gen_27_6...
Compiling module blk_mem_gen_v8_2.BLK_MEM_GEN_v8_2_mem_module(C_CO...
Compiling module blk_mem_gen_v8_2.blk_mem_gen_v8_2(C_ELABORATION_D...
Compiling module xil_defaultlib.weights_layer_0_blk_mem_gen_27_6...
Compiling module blk_mem_gen_v8_2.BLK_MEM_GEN_v8_2_mem_module(C_CO...
Compiling module blk_mem_gen_v8_2.blk_mem_gen_v8_2(C_ELABORATION_D...
Compiling module xil_defaultlib.weights_layer_0_blk_mem_gen_27_7...
Compiling module blk_mem_gen_v8_2.BLK_MEM_GEN_v8_2_mem_module(C_CO...
Compiling module blk_mem_gen_v8_2.blk_mem_gen_v8_2(C_ELABORATION_D...
Compiling module xil_defaultlib.weights_layer_0_blk_mem_gen_27_7...
Compiling module xil_defaultlib.weights_layer_0
Compiling module xil_defaultlib.weights_layer_0_wrapper
Compiling module blk_mem_gen_v8_2.BLK_MEM_GEN_v8_2_output_stage(C_...
Compiling module blk_mem_gen_v8_2.BLK_MEM_GEN_v8_2_output_stage(C_...
Compiling module blk_mem_gen_v8_2.BLK_MEM_GEN_v8_2_softecc_output_...
Compiling module blk_mem_gen_v8_2.BLK_MEM_GEN_v8_2_mem_module(C_CO...
Compiling module blk_mem_gen_v8_2.blk_mem_gen_v8_2(C_ELABORATION_D...
Compiling module xil_defaultlib.weights_layer_1_blk_mem_gen_0_0
Compiling module blk_mem_gen_v8_2.BLK_MEM_GEN_v8_2_mem_module(C_CO...
Compiling module blk_mem_gen_v8_2.blk_mem_gen_v8_2(C_ELABORATION_D...
Compiling module xil_defaultlib.weights_layer_1_blk_mem_gen_0_1
Compiling module blk_mem_gen_v8_2.BLK_MEM_GEN_v8_2_mem_module(C_CO...
Compiling module blk_mem_gen_v8_2.blk_mem_gen_v8_2(C_ELABORATION_D...
Compiling module xil_defaultlib.weights_layer_1_blk_mem_gen_0_2
Compiling module blk_mem_gen_v8_2.BLK_MEM_GEN_v8_2_mem_module(C_CO...
Compiling module blk_mem_gen_v8_2.blk_mem_gen_v8_2(C_ELABORATION_D...
Compiling module xil_defaultlib.weights_layer_1_blk_mem_gen_0_3
Compiling module blk_mem_gen_v8_2.BLK_MEM_GEN_v8_2_mem_module(C_CO...
Compiling module blk_mem_gen_v8_2.blk_mem_gen_v8_2(C_ELABORATION_D...
Compiling module xil_defaultlib.weights_layer_1_blk_mem_gen_0_4
Compiling module blk_mem_gen_v8_2.BLK_MEM_GEN_v8_2_mem_module(C_CO...
Compiling module blk_mem_gen_v8_2.blk_mem_gen_v8_2(C_ELABORATION_D...
Compiling module xil_defaultlib.weights_layer_1_blk_mem_gen_0_5
Compiling module blk_mem_gen_v8_2.BLK_MEM_GEN_v8_2_mem_module(C_CO...
Compiling module blk_mem_gen_v8_2.blk_mem_gen_v8_2(C_ELABORATION_D...
Compiling module xil_defaultlib.weights_layer_1_blk_mem_gen_0_6
Compiling module blk_mem_gen_v8_2.BLK_MEM_GEN_v8_2_mem_module(C_CO...
Compiling module blk_mem_gen_v8_2.blk_mem_gen_v8_2(C_ELABORATION_D...
Compiling module xil_defaultlib.weights_layer_1_blk_mem_gen_0_7
Compiling module blk_mem_gen_v8_2.BLK_MEM_GEN_v8_2_mem_module(C_CO...
Compiling module blk_mem_gen_v8_2.blk_mem_gen_v8_2(C_ELABORATION_D...
Compiling module xil_defaultlib.weights_layer_1_blk_mem_gen_0_8
Compiling module blk_mem_gen_v8_2.BLK_MEM_GEN_v8_2_mem_module(C_CO...
Compiling module blk_mem_gen_v8_2.blk_mem_gen_v8_2(C_ELABORATION_D...
Compiling module xil_defaultlib.weights_layer_1_blk_mem_gen_0_9
Compiling module xil_defaultlib.weights_layer_1
Compiling module xil_defaultlib.weights_layer_1_wrapper
Compiling module xil_defaultlib.weights
Compiling module xil_defaultlib.test
Compiling module xil_defaultlib.glbl
Built simulation snapshot test_behav
